mktextfm phvb7t
mktextfm phvbo7t
mktextfm phvro7t
mktextfm phvr7t
mktextfm phvb7t
mktextfm phvbo7t
mktextfm phvr7t
mktextfm phvro7t
mktextfm phvb7t
mktextfm ptmb7t
mktextfm ptmbo7t
mktextfm ptmr7t
mktextfm ptmro7t
mktextfm ptmr7t
mktextfm ptmr7t
mktextfm ptmri7t
mktextfm ptmr7t
mktextfm ptmr7t
mktextfm ptmr7t
mktextfm ptmri7t
mktextfm ptmb7t
mktextfm nullfont
mktextfm phvb7t
mktextfm phvbo7t
mktextfm phvro7t
mktextfm phvr7t
mktextfm phvb7t
mktextfm phvbo7t
mktextfm phvr7t
mktextfm phvro7t
mktextfm phvb7t
mktextfm ptmb7t
mktextfm ptmbo7t
mktextfm ptmr7t
mktextfm ptmro7t
mktextfm ptmr7t
mktextfm ptmr7t
mktextfm ptmri7t
mktextfm ptmr7t
mktextfm ptmr7t
mktextfm ptmr7t
mktextfm ptmri7t
mktextfm ptmb7t
mktextfm nullfont
mktextfm ptmr7t
mktextfm pcrr7t
mktextfm phvb7t
mktextfm phvbo7t
mktextfm phvro7t
mktextfm phvr7t
mktextfm phvb7t
mktextfm phvbo7t
mktextfm phvr7t
mktextfm phvro7t
mktextfm phvb7t
mktextfm ptmb7t
mktextfm phvb7t
mktextfm phvbo7t
mktextfm phvro7t
mktextfm phvr7t
mktextfm phvb7t
mktextfm phvbo7t
mktextfm phvr7t
mktextfm phvro7t
mktextfm phvb7t
mktextfm ptmb6t
mktextfm ptmbo7t
mktextfm ptmr7t
mktextfm ptmro7t
mktextfm ptmr7t
mktextfm ptmr7t
mktextfm ptmri7t
mktextfm ptmr7t
mktextfm ptmr7t
mktextfm ptmr7t
mktextfm ptmri7t
mktextfm ptmr7t
mktextfm pcrr7t
mktextfm phvb7t
mktextfm phvbo7t
mktextfm phvro7t
mktextfm phvr7t
mktextfm phvb7t
mktextfm phvbo7t
mktextfm phvr7t
mktextfm phvro7t
mktextfm phvb7t
mktextfm ptmb6t
mktextfm ptmbo7t
mktextfm ptmr7t
mktextfm ptmro7t
mktextfm ptmr7t
mktextfm ptmr7t
mktextfm ptmri7t
mktextfm ptmr7t
mktextfm ptmr7t
mktextfm ptmr7t
mktextfm ptmri7t
mktextfm ptmr7t
mktextfm pcrr7t
mktextfm phvb7t
mktextfm phvbo7t
mktextfm phvro7t
mktextfm phvr7t
mktextfm phvb7t
mktextfm phvbo7t
mktextfm phvr7t
mktextfm phvro7t
mktextfm phvb7t
mktextfm ptmb6t
mktextfm ptmbo7t
mktextfm ptmr7t
mktextfm ptmro7t
mktextfm ptmr7t
mktextfm ptmr7t
mktextfm ptmri7t
mktextfm ptmr7t
mktextfm ptmr7t
mktextfm ptmr7t
mktextfm ptmri7t
mktextfm ptmr7t
mktextfm pcrr7t
mktextfm phvb7t
mktextfm phvbo7t
mktextfm phvro7t
mktextfm phvr7t
mktextfm phvb7t
mktextfm phvbo7t
mktextfm phvr7t
mktextfm phvro7t
mktextfm phvb7t
mktextfm ptmb6t
mktextfm ptmbo7t
mktextfm ptmr7t
mktextfm ptmro7t
mktextfm ptmr7t
mktextfm ptmr7t
mktextfm ptmri7t
mktextfm ptmr7t
mktextfm ptmr7t
mktextfm ptmb6t
mktextfm ptmb6t
mktextfm ptmb6t
mktextfm ptmb6t
mktextfm ptmb6t
mktextfm ptmb6t
mktextfm ptmb6t
mktextfm ptmb6t
mktextfm ptmb6t
mktextfm ptmb6t
mktextfm ptmb6t
mktextfm ptmb6t
mktextfm ptmb6t
mktextfm ptmb6t
mktextfm ptmb6t
mktextfm ptmb6t
mktextfm ptmb6t
mktextfm ptmb6t
mktextfm ptmb6t
mktextfm ptmb6t
mktextfm ptmb6t
mktextfm ptmb6t
